{"C:\\Users\\User\\Desktop\\SoftwareDev\\project\\se-project-backend-5_icl-ts-pmo\\src\\controllers\\utils.ts": {"path":"C:\\Users\\User\\Desktop\\SoftwareDev\\project\\se-project-backend-5_icl-ts-pmo\\src\\controllers\\utils.ts","statementMap":{"0":{"start":{"line":3,"column":0},"end":{"line":3,"column":16}},"1":{"start":{"line":7,"column":0},"end":{"line":7,"column":16}},"2":{"start":{"line":4,"column":2},"end":{"line":4,"column":95}},"3":{"start":{"line":8,"column":2},"end":{"line":12,"column":3}},"4":{"start":{"line":9,"column":4},"end":{"line":9,"column":22}},"5":{"start":{"line":11,"column":4},"end":{"line":11,"column":17}},"6":{"start":{"line":13,"column":2},"end":{"line":13,"column":15}}},"fnMap":{"0":{"name":"readPagination","decl":{"start":{"line":3,"column":16},"end":{"line":3,"column":30}},"loc":{"start":{"line":3,"column":62},"end":{"line":5,"column":1}}},"1":{"name":"validateRegex","decl":{"start":{"line":7,"column":16},"end":{"line":7,"column":29}},"loc":{"start":{"line":7,"column":43},"end":{"line":14,"column":1}}}},"branchMap":{"0":{"loc":{"start":{"line":3,"column":45},"end":{"line":3,"column":62}},"type":"default-arg","locations":[{"start":{"line":3,"column":60},"end":{"line":3,"column":62}}]},"1":{"loc":{"start":{"line":4,"column":17},"end":{"line":4,"column":44}},"type":"binary-expr","locations":[{"start":{"line":4,"column":17},"end":{"line":4,"column":39}},{"start":{"line":4,"column":43},"end":{"line":4,"column":44}}]},"2":{"loc":{"start":{"line":4,"column":53},"end":{"line":4,"column":92}},"type":"binary-expr","locations":[{"start":{"line":4,"column":53},"end":{"line":4,"column":76}},{"start":{"line":4,"column":80},"end":{"line":4,"column":92}}]}},"s":{"0":1,"1":1,"2":4,"3":2,"4":2,"5":1,"6":1},"f":{"0":4,"1":2},"b":{"0":[3],"1":[4,3],"2":[4,3]}}
}
